<?xml version="1.0" encoding="utf-8"?>
<coverage line-rate="1" branch-rate="1" version="1.9" timestamp="1789825765" lines-covered="352" lines-valid="352" branches-covered="28" branches-valid="28">
  <sources>
    <source>C:/Users/Namkhai/SocialApp/SocialApp.Core/</source>
  </sources>
  <packages>
    <package name="SocialApp.Core" line-rate="1" branch-rate="1" complexity="87">
      <classes>
        <class name="SocialApp.Core.Services.PostService" filename="Services/PostService.cs" line-rate="1" branch-rate="1" complexity="8">
          <methods>
            <method name="CreatePost" signature="(System.Int32,System.String,System.String)" line-rate="1" branch-rate="1" complexity="1">
              <lines>
                <line number="25" hits="10" branch="False" />
                <line number="26" hits="10" branch="False" />
                <line number="27" hits="10" branch="False" />
                <line number="28" hits="10" branch="False" />
                <line number="29" hits="10" branch="False" />
              </lines>
            </method>
            <method name="ReactPost" signature="(System.Int32,System.Int32,SocialApp.Core.Models.ReactionType)" line-rate="1" branch-rate="1" complexity="1">
              <lines>
                <line number="33" hits="4" branch="False" />
              </lines>
            </method>
            <method name="SharePost" signature="(System.Int32)" line-rate="1" branch-rate="1" complexity="1">
              <lines>
                <line number="35" hits="2" branch="False" />
              </lines>
            </method>
            <method name="CommentOnPost" signature="(System.Int32,System.Int32,System.String)" line-rate="1" branch-rate="1" complexity="1">
              <lines>
                <line number="38" hits="3" branch="False" />
                <line number="39" hits="3" branch="False" />
                <line number="40" hits="3" branch="False" />
                <line number="41" hits="3" branch="False" />
              </lines>
            </method>
            <method name="GetPost" signature="(System.Int32)" line-rate="1" branch-rate="1" complexity="1">
              <lines>
                <line number="43" hits="9" branch="False" />
              </lines>
            </method>
            <method name="GetAllPosts" signature="()" line-rate="1" branch-rate="1" complexity="1">
              <lines>
                <line number="45" hits="2" branch="False" />
              </lines>
            </method>
            <method name="DeletePost" signature="(System.Int32)" line-rate="1" branch-rate="1" complexity="1">
              <lines>
                <line number="47" hits="1" branch="False" />
              </lines>
            </method>
            <method name=".ctor" signature="(SocialApp.Core.Interfaces.IPostRepository,SocialApp.Core.Interfaces.ICommentRepository,SocialApp.Core.Interfaces.IReactionRepository)" line-rate="1" branch-rate="1" complexity="1">
              <lines>
                <line number="14" hits="11" branch="False" />
                <line number="15" hits="11" branch="False" />
                <line number="16" hits="11" branch="False" />
                <line number="17" hits="11" branch="False" />
                <line number="18" hits="11" branch="False" />
                <line number="19" hits="11" branch="False" />
                <line number="20" hits="11" branch="False" />
                <line number="21" hits="11" branch="False" />
                <line number="22" hits="11" branch="False" />
              </lines>
            </method>
          </methods>
          <lines>
            <line number="25" hits="10" branch="False" />
            <line number="26" hits="10" branch="False" />
            <line number="27" hits="10" branch="False" />
            <line number="28" hits="10" branch="False" />
            <line number="29" hits="10" branch="False" />
            <line number="33" hits="4" branch="False" />
            <line number="35" hits="2" branch="False" />
            <line number="38" hits="3" branch="False" />
            <line number="39" hits="3" branch="False" />
            <line number="40" hits="3" branch="False" />
            <line number="41" hits="3" branch="False" />
            <line number="43" hits="9" branch="False" />
            <line number="45" hits="2" branch="False" />
            <line number="47" hits="1" branch="False" />
            <line number="14" hits="11" branch="False" />
            <line number="15" hits="11" branch="False" />
            <line number="16" hits="11" branch="False" />
            <line number="17" hits="11" branch="False" />
            <line number="18" hits="11" branch="False" />
            <line number="19" hits="11" branch="False" />
            <line number="20" hits="11" branch="False" />
            <line number="21" hits="11" branch="False" />
            <line number="22" hits="11" branch="False" />
          </lines>
        </class>
        <class name="SocialApp.Core.Services.UserService" filename="Services/UserService.cs" line-rate="1" branch-rate="1" complexity="9">
          <methods>
            <method name="Register" signature="(System.String,System.Byte,System.String,System.String)" line-rate="1" branch-rate="1" complexity="1">
              <lines>
                <line number="18" hits="7" branch="False" />
                <line number="19" hits="7" branch="False" />
                <line number="20" hits="7" branch="False" />
                <line number="21" hits="7" branch="False" />
                <line number="22" hits="7" branch="False" />
              </lines>
            </method>
            <method name="SignIn" signature="(System.String,System.String)" line-rate="1" branch-rate="1" complexity="4">
              <lines>
                <line number="26" hits="4" branch="False" />
                <line number="27" hits="4" branch="False" />
                <line number="28" hits="5" branch="True" condition-coverage="100% (2/2)">
                  <conditions>
                    <condition number="15" type="jump" coverage="100%" />
                  </conditions>
                </line>
                <line number="29" hits="3" branch="True" condition-coverage="100% (2/2)">
                  <conditions>
                    <condition number="33" type="jump" coverage="100%" />
                  </conditions>
                </line>
                <line number="30" hits="4" branch="False" />
              </lines>
            </method>
            <method name="FindByUsername" signature="(System.String)" line-rate="1" branch-rate="1" complexity="1">
              <lines>
                <line number="33" hits="5" branch="False" />
                <line number="34" hits="8" branch="False" />
              </lines>
            </method>
            <method name="GetAllUsers" signature="()" line-rate="1" branch-rate="1" complexity="1">
              <lines>
                <line number="36" hits="2" branch="False" />
              </lines>
            </method>
            <method name="GetById" signature="(System.Int32)" line-rate="1" branch-rate="1" complexity="1">
              <lines>
                <line number="38" hits="2" branch="False" />
              </lines>
            </method>
            <method name=".ctor" signature="(SocialApp.Core.Interfaces.IRepository`1&lt;SocialApp.Core.Models.User&gt;)" line-rate="1" branch-rate="1" complexity="1">
              <lines>
                <line number="12" hits="10" branch="False" />
                <line number="13" hits="10" branch="False" />
                <line number="14" hits="10" branch="False" />
                <line number="15" hits="10" branch="False" />
              </lines>
            </method>
          </methods>
          <lines>
            <line number="18" hits="7" branch="False" />
            <line number="19" hits="7" branch="False" />
            <line number="20" hits="7" branch="False" />
            <line number="21" hits="7" branch="False" />
            <line number="22" hits="7" branch="False" />
            <line number="26" hits="4" branch="False" />
            <line number="27" hits="4" branch="False" />
            <line number="28" hits="5" branch="True" condition-coverage="100% (2/2)">
              <conditions>
                <condition number="15" type="jump" coverage="100%" />
              </conditions>
            </line>
            <line number="29" hits="3" branch="True" condition-coverage="100% (2/2)">
              <conditions>
                <condition number="33" type="jump" coverage="100%" />
              </conditions>
            </line>
            <line number="30" hits="4" branch="False" />
            <line number="33" hits="5" branch="False" />
            <line number="34" hits="8" branch="False" />
            <line number="36" hits="2" branch="False" />
            <line number="38" hits="2" branch="False" />
            <line number="12" hits="10" branch="False" />
            <line number="13" hits="10" branch="False" />
            <line number="14" hits="10" branch="False" />
            <line number="15" hits="10" branch="False" />
          </lines>
        </class>
        <class name="SocialApp.Core.Security.PasswordHasher" filename="Security/PasswordHasher.cs" line-rate="1" branch-rate="1" complexity="2">
          <methods>
            <method name="Hash" signature="(System.String)" line-rate="1" branch-rate="1" complexity="1">
              <lines>
                <line number="10" hits="18" branch="False" />
                <line number="11" hits="18" branch="False" />
                <line number="12" hits="18" branch="False" />
                <line number="13" hits="18" branch="False" />
              </lines>
            </method>
            <method name="Verify" signature="(System.String,System.String)" line-rate="1" branch-rate="1" complexity="1">
              <lines>
                <line number="15" hits="5" branch="False" />
              </lines>
            </method>
          </methods>
          <lines>
            <line number="10" hits="18" branch="False" />
            <line number="11" hits="18" branch="False" />
            <line number="12" hits="18" branch="False" />
            <line number="13" hits="18" branch="False" />
            <line number="15" hits="5" branch="False" />
          </lines>
        </class>
        <class name="SocialApp.Core.Repositories.SqliteCommentRepository" filename="Repositories/SqliteCommentRepository.cs" line-rate="1" branch-rate="1" complexity="6">
          <methods>
            <method name="Add" signature="(System.Int32,SocialApp.Core.Models.Comment)" line-rate="1" branch-rate="1" complexity="1">
              <lines>
                <line number="15" hits="13" branch="False" />
                <line number="16" hits="13" branch="False" />
                <line number="17" hits="13" branch="False" />
                <line number="18" hits="13" branch="False" />
                <line number="19" hits="13" branch="False" />
                <line number="20" hits="13" branch="False" />
                <line number="21" hits="13" branch="False" />
                <line number="22" hits="13" branch="False" />
                <line number="23" hits="13" branch="False" />
                <line number="24" hits="13" branch="False" />
                <line number="25" hits="13" branch="False" />
                <line number="26" hits="26" branch="False" />
              </lines>
            </method>
            <method name="GetByPost" signature="(System.Int32)" line-rate="1" branch-rate="1" complexity="2">
              <lines>
                <line number="29" hits="23" branch="False" />
                <line number="30" hits="23" branch="False" />
                <line number="31" hits="23" branch="False" />
                <line number="32" hits="23" branch="False" />
                <line number="33" hits="23" branch="False" />
                <line number="34" hits="23" branch="False" />
                <line number="36" hits="23" branch="False" />
                <line number="37" hits="23" branch="False" />
                <line number="38" hits="32" branch="True" condition-coverage="100% (2/2)">
                  <conditions>
                    <condition number="132" type="jump" coverage="100%" />
                  </conditions>
                </line>
                <line number="39" hits="9" branch="False" />
                <line number="40" hits="9" branch="False" />
                <line number="41" hits="9" branch="False" />
                <line number="42" hits="9" branch="False" />
                <line number="43" hits="9" branch="False" />
                <line number="44" hits="9" branch="False" />
                <line number="45" hits="9" branch="False" />
                <line number="46" hits="23" branch="False" />
                <line number="47" hits="23" branch="False" />
              </lines>
            </method>
            <method name="DeleteByPost" signature="(System.Int32)" line-rate="1" branch-rate="1" complexity="1">
              <lines>
                <line number="50" hits="3" branch="False" />
                <line number="51" hits="3" branch="False" />
                <line number="52" hits="3" branch="False" />
                <line number="53" hits="3" branch="False" />
                <line number="54" hits="3" branch="False" />
                <line number="55" hits="3" branch="False" />
                <line number="56" hits="6" branch="False" />
              </lines>
            </method>
            <method name="NextId" signature="()" line-rate="1" branch-rate="1" complexity="1">
              <lines>
                <line number="59" hits="5" branch="False" />
                <line number="60" hits="5" branch="False" />
                <line number="61" hits="5" branch="False" />
                <line number="62" hits="5" branch="False" />
                <line number="63" hits="5" branch="False" />
                <line number="64" hits="5" branch="False" />
              </lines>
            </method>
            <method name=".ctor" signature="(SocialApp.Core.Data.SocialAppDatabase)" line-rate="1" branch-rate="1" complexity="1">
              <lines>
                <line number="12" hits="100" branch="False" />
              </lines>
            </method>
          </methods>
          <lines>
            <line number="15" hits="13" branch="False" />
            <line number="16" hits="13" branch="False" />
            <line number="17" hits="13" branch="False" />
            <line number="18" hits="13" branch="False" />
            <line number="19" hits="13" branch="False" />
            <line number="20" hits="13" branch="False" />
            <line number="21" hits="13" branch="False" />
            <line number="22" hits="13" branch="False" />
            <line number="23" hits="13" branch="False" />
            <line number="24" hits="13" branch="False" />
            <line number="25" hits="13" branch="False" />
            <line number="26" hits="26" branch="False" />
            <line number="29" hits="23" branch="False" />
            <line number="30" hits="23" branch="False" />
            <line number="31" hits="23" branch="False" />
            <line number="32" hits="23" branch="False" />
            <line number="33" hits="23" branch="False" />
            <line number="34" hits="23" branch="False" />
            <line number="36" hits="23" branch="False" />
            <line number="37" hits="23" branch="False" />
            <line number="38" hits="32" branch="True" condition-coverage="100% (2/2)">
              <conditions>
                <condition number="132" type="jump" coverage="100%" />
              </conditions>
            </line>
            <line number="39" hits="9" branch="False" />
            <line number="40" hits="9" branch="False" />
            <line number="41" hits="9" branch="False" />
            <line number="42" hits="9" branch="False" />
            <line number="43" hits="9" branch="False" />
            <line number="44" hits="9" branch="False" />
            <line number="45" hits="9" branch="False" />
            <line number="46" hits="23" branch="False" />
            <line number="47" hits="23" branch="False" />
            <line number="50" hits="3" branch="False" />
            <line number="51" hits="3" branch="False" />
            <line number="52" hits="3" branch="False" />
            <line number="53" hits="3" branch="False" />
            <line number="54" hits="3" branch="False" />
            <line number="55" hits="3" branch="False" />
            <line number="56" hits="6" branch="False" />
            <line number="59" hits="5" branch="False" />
            <line number="60" hits="5" branch="False" />
            <line number="61" hits="5" branch="False" />
            <line number="62" hits="5" branch="False" />
            <line number="63" hits="5" branch="False" />
            <line number="64" hits="5" branch="False" />
            <line number="12" hits="100" branch="False" />
          </lines>
        </class>
        <class name="SocialApp.Core.Repositories.SqlitePostRepository" filename="Repositories/SqlitePostRepository.cs" line-rate="1" branch-rate="1" complexity="16">
          <methods>
            <method name="Add" signature="(SocialApp.Core.Models.Post)" line-rate="1" branch-rate="1" complexity="2">
              <lines>
                <line number="26" hits="19" branch="False" />
                <line number="27" hits="19" branch="False" />
                <line number="28" hits="19" branch="False" />
                <line number="29" hits="19" branch="False" />
                <line number="30" hits="19" branch="False" />
                <line number="31" hits="19" branch="False" />
                <line number="32" hits="19" branch="False" />
                <line number="33" hits="19" branch="False" />
                <line number="34" hits="19" branch="False" />
                <line number="35" hits="19" branch="False" />
                <line number="36" hits="19" branch="True" condition-coverage="100% (2/2)">
                  <conditions>
                    <condition number="129" type="jump" coverage="100%" />
                  </conditions>
                </line>
                <line number="37" hits="19" branch="False" />
                <line number="38" hits="19" branch="False" />
                <line number="39" hits="19" branch="False" />
                <line number="40" hits="38" branch="False" />
              </lines>
            </method>
            <method name="GetById" signature="(System.Int32)" line-rate="1" branch-rate="1" complexity="2">
              <lines>
                <line number="43" hits="15" branch="False" />
                <line number="44" hits="15" branch="False" />
                <line number="45" hits="15" branch="False" />
                <line number="46" hits="15" branch="False" />
                <line number="47" hits="15" branch="False" />
                <line number="48" hits="15" branch="False" />
                <line number="50" hits="15" branch="False" />
                <line number="51" hits="15" branch="True" condition-coverage="100% (2/2)">
                  <conditions>
                    <condition number="68" type="jump" coverage="100%" />
                  </conditions>
                </line>
                <line number="52" hits="15" branch="False" />
              </lines>
            </method>
            <method name="GetAll" signature="()" line-rate="1" branch-rate="1" complexity="2">
              <lines>
                <line number="55" hits="5" branch="False" />
                <line number="56" hits="5" branch="False" />
                <line number="57" hits="5" branch="False" />
                <line number="58" hits="5" branch="False" />
                <line number="59" hits="5" branch="False" />
                <line number="61" hits="5" branch="False" />
                <line number="62" hits="5" branch="False" />
                <line number="63" hits="15" branch="True" condition-coverage="100% (2/2)">
                  <conditions>
                    <condition number="71" type="jump" coverage="100%" />
                  </conditions>
                </line>
                <line number="64" hits="5" branch="False" />
                <line number="65" hits="5" branch="False" />
              </lines>
            </method>
            <method name="Delete" signature="(System.Int32)" line-rate="1" branch-rate="1" complexity="1">
              <lines>
                <line number="69" hits="2" branch="False" />
                <line number="70" hits="2" branch="False" />
                <line number="71" hits="2" branch="False" />
                <line number="73" hits="2" branch="False" />
                <line number="74" hits="2" branch="False" />
                <line number="75" hits="2" branch="False" />
                <line number="76" hits="2" branch="False" />
                <line number="77" hits="2" branch="False" />
                <line number="78" hits="4" branch="False" />
              </lines>
            </method>
            <method name="IncrementShares" signature="(System.Int32)" line-rate="1" branch-rate="1" complexity="1">
              <lines>
                <line number="81" hits="4" branch="False" />
                <line number="82" hits="4" branch="False" />
                <line number="83" hits="4" branch="False" />
                <line number="84" hits="4" branch="False" />
                <line number="85" hits="4" branch="False" />
                <line number="86" hits="4" branch="False" />
                <line number="87" hits="8" branch="False" />
              </lines>
            </method>
            <method name="NextId" signature="()" line-rate="1" branch-rate="1" complexity="1">
              <lines>
                <line number="90" hits="12" branch="False" />
                <line number="91" hits="12" branch="False" />
                <line number="92" hits="12" branch="False" />
                <line number="93" hits="12" branch="False" />
                <line number="94" hits="12" branch="False" />
                <line number="95" hits="12" branch="False" />
              </lines>
            </method>
            <method name="Hydrate" signature="(Microsoft.Data.Sqlite.SqliteDataReader)" line-rate="1" branch-rate="1" complexity="6">
              <lines>
                <line number="99" hits="16" branch="False" />
                <line number="100" hits="16" branch="True" condition-coverage="100% (2/2)">
                  <conditions>
                    <condition number="29" type="jump" coverage="100%" />
                  </conditions>
                </line>
                <line number="101" hits="16" branch="False" />
                <line number="102" hits="16" branch="False" />
                <line number="103" hits="16" branch="False" />
                <line number="104" hits="16" branch="False" />
                <line number="105" hits="16" branch="False" />
                <line number="106" hits="16" branch="False" />
                <line number="108" hits="58" branch="True" condition-coverage="100% (2/2)">
                  <conditions>
                    <condition number="118" type="jump" coverage="100%" />
                  </conditions>
                </line>
                <line number="109" hits="5" branch="False" />
                <line number="111" hits="58" branch="True" condition-coverage="100% (2/2)">
                  <conditions>
                    <condition number="204" type="jump" coverage="100%" />
                  </conditions>
                </line>
                <line number="112" hits="5" branch="False" />
                <line number="114" hits="16" branch="False" />
                <line number="115" hits="16" branch="False" />
              </lines>
            </method>
            <method name=".ctor" signature="(SocialApp.Core.Data.SocialAppDatabase,SocialApp.Core.Interfaces.ICommentRepository,SocialApp.Core.Interfaces.IReactionRepository)" line-rate="1" branch-rate="1" complexity="1">
              <lines>
                <line number="15" hits="50" branch="False" />
                <line number="16" hits="50" branch="False" />
                <line number="17" hits="50" branch="False" />
                <line number="18" hits="50" branch="False" />
                <line number="19" hits="50" branch="False" />
                <line number="20" hits="50" branch="False" />
                <line number="21" hits="50" branch="False" />
                <line number="22" hits="50" branch="False" />
                <line number="23" hits="50" branch="False" />
              </lines>
            </method>
          </methods>
          <lines>
            <line number="26" hits="19" branch="False" />
            <line number="27" hits="19" branch="False" />
            <line number="28" hits="19" branch="False" />
            <line number="29" hits="19" branch="False" />
            <line number="30" hits="19" branch="False" />
            <line number="31" hits="19" branch="False" />
            <line number="32" hits="19" branch="False" />
            <line number="33" hits="19" branch="False" />
            <line number="34" hits="19" branch="False" />
            <line number="35" hits="19" branch="False" />
            <line number="36" hits="19" branch="True" condition-coverage="100% (2/2)">
              <conditions>
                <condition number="129" type="jump" coverage="100%" />
              </conditions>
            </line>
            <line number="37" hits="19" branch="False" />
            <line number="38" hits="19" branch="False" />
            <line number="39" hits="19" branch="False" />
            <line number="40" hits="38" branch="False" />
            <line number="43" hits="15" branch="False" />
            <line number="44" hits="15" branch="False" />
            <line number="45" hits="15" branch="False" />
            <line number="46" hits="15" branch="False" />
            <line number="47" hits="15" branch="False" />
            <line number="48" hits="15" branch="False" />
            <line number="50" hits="15" branch="False" />
            <line number="51" hits="15" branch="True" condition-coverage="100% (2/2)">
              <conditions>
                <condition number="68" type="jump" coverage="100%" />
              </conditions>
            </line>
            <line number="52" hits="15" branch="False" />
            <line number="55" hits="5" branch="False" />
            <line number="56" hits="5" branch="False" />
            <line number="57" hits="5" branch="False" />
            <line number="58" hits="5" branch="False" />
            <line number="59" hits="5" branch="False" />
            <line number="61" hits="5" branch="False" />
            <line number="62" hits="5" branch="False" />
            <line number="63" hits="15" branch="True" condition-coverage="100% (2/2)">
              <conditions>
                <condition number="71" type="jump" coverage="100%" />
              </conditions>
            </line>
            <line number="64" hits="5" branch="False" />
            <line number="65" hits="5" branch="False" />
            <line number="69" hits="2" branch="False" />
            <line number="70" hits="2" branch="False" />
            <line number="71" hits="2" branch="False" />
            <line number="73" hits="2" branch="False" />
            <line number="74" hits="2" branch="False" />
            <line number="75" hits="2" branch="False" />
            <line number="76" hits="2" branch="False" />
            <line number="77" hits="2" branch="False" />
            <line number="78" hits="4" branch="False" />
            <line number="81" hits="4" branch="False" />
            <line number="82" hits="4" branch="False" />
            <line number="83" hits="4" branch="False" />
            <line number="84" hits="4" branch="False" />
            <line number="85" hits="4" branch="False" />
            <line number="86" hits="4" branch="False" />
            <line number="87" hits="8" branch="False" />
            <line number="90" hits="12" branch="False" />
            <line number="91" hits="12" branch="False" />
            <line number="92" hits="12" branch="False" />
            <line number="93" hits="12" branch="False" />
            <line number="94" hits="12" branch="False" />
            <line number="95" hits="12" branch="False" />
            <line number="99" hits="16" branch="False" />
            <line number="100" hits="16" branch="True" condition-coverage="100% (2/2)">
              <conditions>
                <condition number="29" type="jump" coverage="100%" />
              </conditions>
            </line>
            <line number="101" hits="16" branch="False" />
            <line number="102" hits="16" branch="False" />
            <line number="103" hits="16" branch="False" />
            <line number="104" hits="16" branch="False" />
            <line number="105" hits="16" branch="False" />
            <line number="106" hits="16" branch="False" />
            <line number="108" hits="58" branch="True" condition-coverage="100% (2/2)">
              <conditions>
                <condition number="118" type="jump" coverage="100%" />
              </conditions>
            </line>
            <line number="109" hits="5" branch="False" />
            <line number="111" hits="58" branch="True" condition-coverage="100% (2/2)">
              <conditions>
                <condition number="204" type="jump" coverage="100%" />
              </conditions>
            </line>
            <line number="112" hits="5" branch="False" />
            <line number="114" hits="16" branch="False" />
            <line number="115" hits="16" branch="False" />
            <line number="15" hits="50" branch="False" />
            <line number="16" hits="50" branch="False" />
            <line number="17" hits="50" branch="False" />
            <line number="18" hits="50" branch="False" />
            <line number="19" hits="50" branch="False" />
            <line number="20" hits="50" branch="False" />
            <line number="21" hits="50" branch="False" />
            <line number="22" hits="50" branch="False" />
            <line number="23" hits="50" branch="False" />
          </lines>
        </class>
        <class name="SocialApp.Core.Repositories.SqliteReactionRepository" filename="Repositories/SqliteReactionRepository.cs" line-rate="1" branch-rate="1" complexity="5">
          <methods>
            <method name="Set" signature="(System.Int32,System.Int32,SocialApp.Core.Models.ReactionType)" line-rate="1" branch-rate="1" complexity="1">
              <lines>
                <line number="16" hits="16" branch="False" />
                <line number="17" hits="16" branch="False" />
                <line number="18" hits="16" branch="False" />
                <line number="19" hits="16" branch="False" />
                <line number="20" hits="16" branch="False" />
                <line number="21" hits="16" branch="False" />
                <line number="22" hits="16" branch="False" />
                <line number="23" hits="16" branch="False" />
                <line number="24" hits="16" branch="False" />
                <line number="25" hits="16" branch="False" />
                <line number="26" hits="16" branch="False" />
                <line number="27" hits="16" branch="False" />
                <line number="28" hits="32" branch="False" />
              </lines>
            </method>
            <method name="GetByPost" signature="(System.Int32)" line-rate="1" branch-rate="1" complexity="2">
              <lines>
                <line number="31" hits="25" branch="False" />
                <line number="32" hits="25" branch="False" />
                <line number="33" hits="25" branch="False" />
                <line number="34" hits="25" branch="False" />
                <line number="35" hits="25" branch="False" />
                <line number="37" hits="25" branch="False" />
                <line number="38" hits="25" branch="False" />
                <line number="39" hits="37" branch="True" condition-coverage="100% (2/2)">
                  <conditions>
                    <condition number="101" type="jump" coverage="100%" />
                  </conditions>
                </line>
                <line number="40" hits="12" branch="False" />
                <line number="41" hits="25" branch="False" />
                <line number="42" hits="25" branch="False" />
              </lines>
            </method>
            <method name="DeleteByPost" signature="(System.Int32)" line-rate="1" branch-rate="1" complexity="1">
              <lines>
                <line number="45" hits="3" branch="False" />
                <line number="46" hits="3" branch="False" />
                <line number="47" hits="3" branch="False" />
                <line number="48" hits="3" branch="False" />
                <line number="49" hits="3" branch="False" />
                <line number="50" hits="3" branch="False" />
                <line number="51" hits="6" branch="False" />
              </lines>
            </method>
            <method name=".ctor" signature="(SocialApp.Core.Data.SocialAppDatabase)" line-rate="1" branch-rate="1" complexity="1">
              <lines>
                <line number="12" hits="100" branch="False" />
              </lines>
            </method>
          </methods>
          <lines>
            <line number="16" hits="16" branch="False" />
            <line number="17" hits="16" branch="False" />
            <line number="18" hits="16" branch="False" />
            <line number="19" hits="16" branch="False" />
            <line number="20" hits="16" branch="False" />
            <line number="21" hits="16" branch="False" />
            <line number="22" hits="16" branch="False" />
            <line number="23" hits="16" branch="False" />
            <line number="24" hits="16" branch="False" />
            <line number="25" hits="16" branch="False" />
            <line number="26" hits="16" branch="False" />
            <line number="27" hits="16" branch="False" />
            <line number="28" hits="32" branch="False" />
            <line number="31" hits="25" branch="False" />
            <line number="32" hits="25" branch="False" />
            <line number="33" hits="25" branch="False" />
            <line number="34" hits="25" branch="False" />
            <line number="35" hits="25" branch="False" />
            <line number="37" hits="25" branch="False" />
            <line number="38" hits="25" branch="False" />
            <line number="39" hits="37" branch="True" condition-coverage="100% (2/2)">
              <conditions>
                <condition number="101" type="jump" coverage="100%" />
              </conditions>
            </line>
            <line number="40" hits="12" branch="False" />
            <line number="41" hits="25" branch="False" />
            <line number="42" hits="25" branch="False" />
            <line number="45" hits="3" branch="False" />
            <line number="46" hits="3" branch="False" />
            <line number="47" hits="3" branch="False" />
            <line number="48" hits="3" branch="False" />
            <line number="49" hits="3" branch="False" />
            <line number="50" hits="3" branch="False" />
            <line number="51" hits="6" branch="False" />
            <line number="12" hits="100" branch="False" />
          </lines>
        </class>
        <class name="SocialApp.Core.Repositories.SqliteUserRepository" filename="Repositories/SqliteUserRepository.cs" line-rate="1" branch-rate="1" complexity="9">
          <methods>
            <method name="Add" signature="(SocialApp.Core.Models.User)" line-rate="1" branch-rate="1" complexity="1">
              <lines>
                <line number="15" hits="13" branch="False" />
                <line number="16" hits="13" branch="False" />
                <line number="17" hits="13" branch="False" />
                <line number="18" hits="13" branch="False" />
                <line number="19" hits="13" branch="False" />
                <line number="20" hits="13" branch="False" />
                <line number="21" hits="13" branch="False" />
                <line number="22" hits="13" branch="False" />
                <line number="23" hits="13" branch="False" />
                <line number="24" hits="13" branch="False" />
                <line number="25" hits="13" branch="False" />
                <line number="26" hits="26" branch="False" />
              </lines>
            </method>
            <method name="GetById" signature="(System.Int32)" line-rate="1" branch-rate="1" complexity="2">
              <lines>
                <line number="29" hits="5" branch="False" />
                <line number="30" hits="5" branch="False" />
                <line number="31" hits="5" branch="False" />
                <line number="32" hits="5" branch="False" />
                <line number="33" hits="5" branch="False" />
                <line number="35" hits="5" branch="False" />
                <line number="36" hits="5" branch="True" condition-coverage="100% (2/2)">
                  <conditions>
                    <condition number="68" type="jump" coverage="100%" />
                  </conditions>
                </line>
                <line number="37" hits="5" branch="False" />
              </lines>
            </method>
            <method name="GetAll" signature="()" line-rate="1" branch-rate="1" complexity="2">
              <lines>
                <line number="40" hits="9" branch="False" />
                <line number="41" hits="9" branch="False" />
                <line number="42" hits="9" branch="False" />
                <line number="43" hits="9" branch="False" />
                <line number="45" hits="9" branch="False" />
                <line number="46" hits="9" branch="False" />
                <line number="47" hits="23" branch="True" condition-coverage="100% (2/2)">
                  <conditions>
                    <condition number="70" type="jump" coverage="100%" />
                  </conditions>
                </line>
                <line number="48" hits="9" branch="False" />
                <line number="49" hits="9" branch="False" />
              </lines>
            </method>
            <method name="Delete" signature="(System.Int32)" line-rate="1" branch-rate="1" complexity="1">
              <lines>
                <line number="52" hits="1" branch="False" />
                <line number="53" hits="1" branch="False" />
                <line number="54" hits="1" branch="False" />
                <line number="55" hits="1" branch="False" />
                <line number="56" hits="1" branch="False" />
                <line number="57" hits="1" branch="False" />
                <line number="58" hits="2" branch="False" />
              </lines>
            </method>
            <method name="NextId" signature="()" line-rate="1" branch-rate="1" complexity="1">
              <lines>
                <line number="61" hits="9" branch="False" />
                <line number="62" hits="9" branch="False" />
                <line number="63" hits="9" branch="False" />
                <line number="64" hits="9" branch="False" />
                <line number="65" hits="9" branch="False" />
                <line number="66" hits="9" branch="False" />
              </lines>
            </method>
            <method name="ReadUser" signature="(Microsoft.Data.Sqlite.SqliteDataReader)" line-rate="1" branch-rate="1" complexity="1">
              <lines>
                <line number="69" hits="9" branch="False" />
                <line number="70" hits="9" branch="False" />
                <line number="71" hits="9" branch="False" />
                <line number="72" hits="9" branch="False" />
                <line number="73" hits="9" branch="False" />
                <line number="74" hits="9" branch="False" />
              </lines>
            </method>
            <method name=".ctor" signature="(SocialApp.Core.Data.SocialAppDatabase)" line-rate="1" branch-rate="1" complexity="1">
              <lines>
                <line number="12" hits="100" branch="False" />
              </lines>
            </method>
          </methods>
          <lines>
            <line number="15" hits="13" branch="False" />
            <line number="16" hits="13" branch="False" />
            <line number="17" hits="13" branch="False" />
            <line number="18" hits="13" branch="False" />
            <line number="19" hits="13" branch="False" />
            <line number="20" hits="13" branch="False" />
            <line number="21" hits="13" branch="False" />
            <line number="22" hits="13" branch="False" />
            <line number="23" hits="13" branch="False" />
            <line number="24" hits="13" branch="False" />
            <line number="25" hits="13" branch="False" />
            <line number="26" hits="26" branch="False" />
            <line number="29" hits="5" branch="False" />
            <line number="30" hits="5" branch="False" />
            <line number="31" hits="5" branch="False" />
            <line number="32" hits="5" branch="False" />
            <line number="33" hits="5" branch="False" />
            <line number="35" hits="5" branch="False" />
            <line number="36" hits="5" branch="True" condition-coverage="100% (2/2)">
              <conditions>
                <condition number="68" type="jump" coverage="100%" />
              </conditions>
            </line>
            <line number="37" hits="5" branch="False" />
            <line number="40" hits="9" branch="False" />
            <line number="41" hits="9" branch="False" />
            <line number="42" hits="9" branch="False" />
            <line number="43" hits="9" branch="False" />
            <line number="45" hits="9" branch="False" />
            <line number="46" hits="9" branch="False" />
            <line number="47" hits="23" branch="True" condition-coverage="100% (2/2)">
              <conditions>
                <condition number="70" type="jump" coverage="100%" />
              </conditions>
            </line>
            <line number="48" hits="9" branch="False" />
            <line number="49" hits="9" branch="False" />
            <line number="52" hits="1" branch="False" />
            <line number="53" hits="1" branch="False" />
            <line number="54" hits="1" branch="False" />
            <line number="55" hits="1" branch="False" />
            <line number="56" hits="1" branch="False" />
            <line number="57" hits="1" branch="False" />
            <line number="58" hits="2" branch="False" />
            <line number="61" hits="9" branch="False" />
            <line number="62" hits="9" branch="False" />
            <line number="63" hits="9" branch="False" />
            <line number="64" hits="9" branch="False" />
            <line number="65" hits="9" branch="False" />
            <line number="66" hits="9" branch="False" />
            <line number="69" hits="9" branch="False" />
            <line number="70" hits="9" branch="False" />
            <line number="71" hits="9" branch="False" />
            <line number="72" hits="9" branch="False" />
            <line number="73" hits="9" branch="False" />
            <line number="74" hits="9" branch="False" />
            <line number="12" hits="100" branch="False" />
          </lines>
        </class>
        <class name="SocialApp.Core.Models.Account" filename="Models/Account.cs" line-rate="1" branch-rate="1" complexity="5">
          <methods>
            <method name="get_Id" signature="()" line-rate="1" branch-rate="1" complexity="1">
              <lines>
                <line number="6" hits="17" branch="False" />
              </lines>
            </method>
            <method name="get_Username" signature="()" line-rate="1" branch-rate="1" complexity="1">
              <lines>
                <line number="7" hits="22" branch="False" />
              </lines>
            </method>
            <method name="get_Age" signature="()" line-rate="1" branch-rate="1" complexity="1">
              <lines>
                <line number="9" hits="16" branch="False" />
              </lines>
            </method>
            <method name="get_PasswordHash" signature="()" line-rate="1" branch-rate="1" complexity="1">
              <lines>
                <line number="12" hits="19" branch="False" />
              </lines>
            </method>
            <method name=".ctor" signature="(System.Int32,System.String,System.Byte,System.String)" line-rate="1" branch-rate="1" complexity="1">
              <lines>
                <line number="14" hits="23" branch="False" />
                <line number="15" hits="23" branch="False" />
                <line number="16" hits="23" branch="False" />
                <line number="17" hits="23" branch="False" />
                <line number="18" hits="23" branch="False" />
                <line number="19" hits="23" branch="False" />
                <line number="20" hits="23" branch="False" />
              </lines>
            </method>
          </methods>
          <lines>
            <line number="6" hits="17" branch="False" />
            <line number="7" hits="22" branch="False" />
            <line number="9" hits="16" branch="False" />
            <line number="12" hits="19" branch="False" />
            <line number="14" hits="23" branch="False" />
            <line number="15" hits="23" branch="False" />
            <line number="16" hits="23" branch="False" />
            <line number="17" hits="23" branch="False" />
            <line number="18" hits="23" branch="False" />
            <line number="19" hits="23" branch="False" />
            <line number="20" hits="23" branch="False" />
          </lines>
        </class>
        <class name="SocialApp.Core.Models.Comment" filename="Models/Comment.cs" line-rate="1" branch-rate="1" complexity="6">
          <methods>
            <method name="get_LikesCount" signature="()" line-rate="1" branch-rate="1" complexity="1">
              <lines>
                <line number="8" hits="11" branch="False" />
              </lines>
            </method>
            <method name="Like" signature="()" line-rate="1" branch-rate="1" complexity="1">
              <lines>
                <line number="15" hits="2" branch="False" />
              </lines>
            </method>
            <method name="Unlike" signature="()" line-rate="1" branch-rate="1" complexity="2">
              <lines>
                <line number="18" hits="2" branch="False" />
                <line number="19" hits="3" branch="True" condition-coverage="100% (2/2)">
                  <conditions>
                    <condition number="12" type="jump" coverage="100%" />
                  </conditions>
                </line>
                <line number="20" hits="2" branch="False" />
              </lines>
            </method>
            <method name="Preview" signature="()" line-rate="1" branch-rate="1" complexity="1">
              <lines>
                <line number="22" hits="1" branch="False" />
              </lines>
            </method>
            <method name=".ctor" signature="(System.Int32,System.Int32,System.String,System.Nullable`1&lt;System.DateTime&gt;)" line-rate="1" branch-rate="1" complexity="1">
              <lines>
                <line number="11" hits="24" branch="False" />
                <line number="12" hits="24" branch="False" />
                <line number="13" hits="24" branch="False" />
              </lines>
            </method>
          </methods>
          <lines>
            <line number="8" hits="11" branch="False" />
            <line number="15" hits="2" branch="False" />
            <line number="18" hits="2" branch="False" />
            <line number="19" hits="3" branch="True" condition-coverage="100% (2/2)">
              <conditions>
                <condition number="12" type="jump" coverage="100%" />
              </conditions>
            </line>
            <line number="20" hits="2" branch="False" />
            <line number="22" hits="1" branch="False" />
            <line number="11" hits="24" branch="False" />
            <line number="12" hits="24" branch="False" />
            <line number="13" hits="24" branch="False" />
          </lines>
        </class>
        <class name="SocialApp.Core.Models.Content" filename="Models/Content.cs" line-rate="1" branch-rate="1" complexity="6">
          <methods>
            <method name="get_Id" signature="()" line-rate="1" branch-rate="1" complexity="1">
              <lines>
                <line number="6" hits="88" branch="False" />
              </lines>
            </method>
            <method name="get_AuthorId" signature="()" line-rate="1" branch-rate="1" complexity="1">
              <lines>
                <line number="7" hits="35" branch="False" />
              </lines>
            </method>
            <method name="get_Text" signature="()" line-rate="1" branch-rate="1" complexity="1">
              <lines>
                <line number="8" hits="42" branch="False" />
              </lines>
            </method>
            <method name="get_CreatedAt" signature="()" line-rate="1" branch-rate="1" complexity="1">
              <lines>
                <line number="9" hits="34" branch="False" />
              </lines>
            </method>
            <method name=".ctor" signature="(System.Int32,System.Int32,System.String,System.Nullable`1&lt;System.DateTime&gt;)" line-rate="1" branch-rate="1" complexity="2">
              <lines>
                <line number="13" hits="62" branch="False" />
                <line number="14" hits="62" branch="False" />
                <line number="15" hits="62" branch="False" />
                <line number="16" hits="62" branch="False" />
                <line number="17" hits="62" branch="False" />
                <line number="18" hits="62" branch="True" condition-coverage="100% (2/2)">
                  <conditions>
                    <condition number="40" type="jump" coverage="100%" />
                  </conditions>
                </line>
                <line number="19" hits="62" branch="False" />
              </lines>
            </method>
          </methods>
          <lines>
            <line number="6" hits="88" branch="False" />
            <line number="7" hits="35" branch="False" />
            <line number="8" hits="42" branch="False" />
            <line number="9" hits="34" branch="False" />
            <line number="13" hits="62" branch="False" />
            <line number="14" hits="62" branch="False" />
            <line number="15" hits="62" branch="False" />
            <line number="16" hits="62" branch="False" />
            <line number="17" hits="62" branch="False" />
            <line number="18" hits="62" branch="True" condition-coverage="100% (2/2)">
              <conditions>
                <condition number="40" type="jump" coverage="100%" />
              </conditions>
            </line>
            <line number="19" hits="62" branch="False" />
          </lines>
        </class>
        <class name="SocialApp.Core.Models.Post" filename="Models/Post.cs" line-rate="1" branch-rate="1" complexity="9">
          <methods>
            <method name="get_SharesCount" signature="()" line-rate="1" branch-rate="1" complexity="1">
              <lines>
                <line number="14" hits="64" branch="False" />
              </lines>
            </method>
            <method name="get_Comments" signature="()" line-rate="1" branch-rate="1" complexity="1">
              <lines>
                <line number="15" hits="5" branch="False" />
              </lines>
            </method>
            <method name="get_Reactions" signature="()" line-rate="1" branch-rate="1" complexity="1">
              <lines>
                <line number="18" hits="130" branch="False" />
              </lines>
            </method>
            <method name="get_ImagePath" signature="()" line-rate="1" branch-rate="1" complexity="1">
              <lines>
                <line number="21" hits="22" branch="False" />
              </lines>
            </method>
            <method name="React" signature="(System.Int32,SocialApp.Core.Models.ReactionType)" line-rate="1" branch-rate="1" complexity="1">
              <lines>
                <line number="36" hits="5" branch="False" />
              </lines>
            </method>
            <method name="Share" signature="()" line-rate="1" branch-rate="1" complexity="1">
              <lines>
                <line number="38" hits="1" branch="False" />
              </lines>
            </method>
            <method name="AddComment" signature="(SocialApp.Core.Models.Comment)" line-rate="1" branch-rate="1" complexity="1">
              <lines>
                <line number="40" hits="5" branch="False" />
              </lines>
            </method>
            <method name="Preview" signature="()" line-rate="1" branch-rate="1" complexity="1">
              <lines>
                <line number="42" hits="1" branch="False" />
              </lines>
            </method>
            <method name=".ctor" signature="(System.Int32,System.Int32,System.String,System.String,System.Int32,System.Nullable`1&lt;System.DateTime&gt;)" line-rate="1" branch-rate="1" complexity="1">
              <lines>
                <line number="8" hits="38" branch="False" />
                <line number="12" hits="38" branch="False" />
                <line number="30" hits="38" branch="False" />
                <line number="31" hits="38" branch="False" />
                <line number="32" hits="38" branch="False" />
                <line number="33" hits="38" branch="False" />
                <line number="34" hits="38" branch="False" />
              </lines>
            </method>
          </methods>
          <lines>
            <line number="14" hits="64" branch="False" />
            <line number="15" hits="5" branch="False" />
            <line number="18" hits="130" branch="False" />
            <line number="21" hits="22" branch="False" />
            <line number="36" hits="5" branch="False" />
            <line number="38" hits="1" branch="False" />
            <line number="40" hits="5" branch="False" />
            <line number="42" hits="1" branch="False" />
            <line number="8" hits="38" branch="False" />
            <line number="12" hits="38" branch="False" />
            <line number="30" hits="38" branch="False" />
            <line number="31" hits="38" branch="False" />
            <line number="32" hits="38" branch="False" />
            <line number="33" hits="38" branch="False" />
            <line number="34" hits="38" branch="False" />
          </lines>
        </class>
        <class name="SocialApp.Core.Models.User" filename="Models/User.cs" line-rate="1" branch-rate="1" complexity="3">
          <methods>
            <method name="get_Email" signature="()" line-rate="1" branch-rate="1" complexity="1">
              <lines>
                <line number="5" hits="15" branch="False" />
              </lines>
            </method>
            <method name="GetProfileInfo" signature="()" line-rate="1" branch-rate="1" complexity="1">
              <lines>
                <line number="14" hits="1" branch="False" />
              </lines>
            </method>
            <method name=".ctor" signature="(System.Int32,System.String,System.Byte,System.String,System.String)" line-rate="1" branch-rate="1" complexity="1">
              <lines>
                <line number="8" hits="23" branch="False" />
                <line number="9" hits="23" branch="False" />
                <line number="10" hits="23" branch="False" />
                <line number="11" hits="23" branch="False" />
              </lines>
            </method>
          </methods>
          <lines>
            <line number="5" hits="15" branch="False" />
            <line number="14" hits="1" branch="False" />
            <line number="8" hits="23" branch="False" />
            <line number="9" hits="23" branch="False" />
            <line number="10" hits="23" branch="False" />
            <line number="11" hits="23" branch="False" />
          </lines>
        </class>
        <class name="SocialApp.Core.Data.SocialAppDatabase" filename="Data/SocialAppDatabase.cs" line-rate="1" branch-rate="1" complexity="3">
          <methods>
            <method name="OpenConnection" signature="()" line-rate="1" branch-rate="1" complexity="1">
              <lines>
                <line number="20" hits="239" branch="False" />
                <line number="21" hits="239" branch="False" />
                <line number="22" hits="239" branch="False" />
                <line number="23" hits="239" branch="False" />
                <line number="24" hits="239" branch="False" />
              </lines>
            </method>
            <method name="CreateSchema" signature="()" line-rate="1" branch-rate="1" complexity="1">
              <lines>
                <line number="27" hits="54" branch="False" />
                <line number="28" hits="54" branch="False" />
                <line number="29" hits="54" branch="False" />
                <line number="30" hits="54" branch="False" />
                <line number="31" hits="54" branch="False" />
                <line number="32" hits="54" branch="False" />
                <line number="33" hits="54" branch="False" />
                <line number="34" hits="54" branch="False" />
                <line number="35" hits="54" branch="False" />
                <line number="36" hits="54" branch="False" />
                <line number="37" hits="54" branch="False" />
                <line number="38" hits="54" branch="False" />
                <line number="39" hits="54" branch="False" />
                <line number="40" hits="54" branch="False" />
                <line number="41" hits="54" branch="False" />
                <line number="42" hits="54" branch="False" />
                <line number="43" hits="54" branch="False" />
                <line number="44" hits="54" branch="False" />
                <line number="45" hits="54" branch="False" />
                <line number="46" hits="54" branch="False" />
                <line number="47" hits="54" branch="False" />
                <line number="48" hits="54" branch="False" />
                <line number="49" hits="54" branch="False" />
                <line number="50" hits="54" branch="False" />
                <line number="51" hits="54" branch="False" />
                <line number="52" hits="54" branch="False" />
                <line number="53" hits="54" branch="False" />
                <line number="54" hits="54" branch="False" />
                <line number="55" hits="54" branch="False" />
                <line number="56" hits="54" branch="False" />
                <line number="57" hits="54" branch="False" />
                <line number="58" hits="54" branch="False" />
                <line number="59" hits="54" branch="False" />
                <line number="60" hits="54" branch="False" />
                <line number="61" hits="54" branch="False" />
                <line number="62" hits="54" branch="False" />
                <line number="63" hits="54" branch="False" />
                <line number="64" hits="108" branch="False" />
              </lines>
            </method>
            <method name=".ctor" signature="(System.String)" line-rate="1" branch-rate="1" complexity="1">
              <lines>
                <line number="11" hits="53" branch="False" />
                <line number="12" hits="53" branch="False" />
                <line number="13" hits="53" branch="False" />
                <line number="14" hits="53" branch="False" />
                <line number="15" hits="53" branch="False" />
                <line number="16" hits="53" branch="False" />
                <line number="17" hits="53" branch="False" />
              </lines>
            </method>
          </methods>
          <lines>
            <line number="20" hits="239" branch="False" />
            <line number="21" hits="239" branch="False" />
            <line number="22" hits="239" branch="False" />
            <line number="23" hits="239" branch="False" />
            <line number="24" hits="239" branch="False" />
            <line number="27" hits="54" branch="False" />
            <line number="28" hits="54" branch="False" />
            <line number="29" hits="54" branch="False" />
            <line number="30" hits="54" branch="False" />
            <line number="31" hits="54" branch="False" />
            <line number="32" hits="54" branch="False" />
            <line number="33" hits="54" branch="False" />
            <line number="34" hits="54" branch="False" />
            <line number="35" hits="54" branch="False" />
            <line number="36" hits="54" branch="False" />
            <line number="37" hits="54" branch="False" />
            <line number="38" hits="54" branch="False" />
            <line number="39" hits="54" branch="False" />
            <line number="40" hits="54" branch="False" />
            <line number="41" hits="54" branch="False" />
            <line number="42" hits="54" branch="False" />
            <line number="43" hits="54" branch="False" />
            <line number="44" hits="54" branch="False" />
            <line number="45" hits="54" branch="False" />
            <line number="46" hits="54" branch="False" />
            <line number="47" hits="54" branch="False" />
            <line number="48" hits="54" branch="False" />
            <line number="49" hits="54" branch="False" />
            <line number="50" hits="54" branch="False" />
            <line number="51" hits="54" branch="False" />
            <line number="52" hits="54" branch="False" />
            <line number="53" hits="54" branch="False" />
            <line number="54" hits="54" branch="False" />
            <line number="55" hits="54" branch="False" />
            <line number="56" hits="54" branch="False" />
            <line number="57" hits="54" branch="False" />
            <line number="58" hits="54" branch="False" />
            <line number="59" hits="54" branch="False" />
            <line number="60" hits="54" branch="False" />
            <line number="61" hits="54" branch="False" />
            <line number="62" hits="54" branch="False" />
            <line number="63" hits="54" branch="False" />
            <line number="64" hits="108" branch="False" />
            <line number="11" hits="53" branch="False" />
            <line number="12" hits="53" branch="False" />
            <line number="13" hits="53" branch="False" />
            <line number="14" hits="53" branch="False" />
            <line number="15" hits="53" branch="False" />
            <line number="16" hits="53" branch="False" />
            <line number="17" hits="53" branch="False" />
          </lines>
        </class>
      </classes>
    </package>
  </packages>
</coverage>